<?xml version="1.0" encoding="UTF-8"?>
<testsuite xmlns:xsi="http://www.w3.org/2001/XMLSchema-instance" xsi:noNamespaceSchemaLocation="https://maven.apache.org/surefire/maven-surefire-plugin/xsd/surefire-test-report.xsd" name="cn.hwq.Test01" time="0.72" tests="1" errors="1" skipped="0" failures="0">
  <properties>
    <property name="sun.desktop" value="windows"/>
    <property name="awt.toolkit" value="sun.awt.windows.WToolkit"/>
    <property name="file.encoding.pkg" value="sun.io"/>
    <property name="java.specification.version" value="1.8"/>
    <property name="sun.cpu.isalist" value="amd64"/>
    <property name="sun.jnu.encoding" value="GBK"/>
    <property name="java.class.path" value="D:\Study\LearningSoftWare\Spring\MyWork\logistics-project\public-resource\target\test-classes;D:\Study\LearningSoftWare\Spring\MyWork\logistics-project\public-resource\target\classes;D:\soft\maven_repository\org\mybatis\spring\boot\mybatis-spring-boot-starter\2.2.0\mybatis-spring-boot-starter-2.2.0.jar;D:\soft\maven_repository\org\springframework\boot\spring-boot-starter\2.3.12.RELEASE\spring-boot-starter-2.3.12.RELEASE.jar;D:\soft\maven_repository\org\springframework\boot\spring-boot\2.3.12.RELEASE\spring-boot-2.3.12.RELEASE.jar;D:\soft\maven_repository\org\springframework\boot\spring-boot-starter-logging\2.3.12.RELEASE\spring-boot-starter-logging-2.3.12.RELEASE.jar;D:\soft\maven_repository\ch\qos\logback\logback-classic\1.2.3\logback-classic-1.2.3.jar;D:\soft\maven_repository\ch\qos\logback\logback-core\1.2.3\logback-core-1.2.3.jar;D:\soft\maven_repository\org\apache\logging\log4j\log4j-to-slf4j\2.13.3\log4j-to-slf4j-2.13.3.jar;D:\soft\maven_repository\org\apache\logging\log4j\log4j-api\2.13.3\log4j-api-2.13.3.jar;D:\soft\maven_repository\org\slf4j\jul-to-slf4j\1.7.30\jul-to-slf4j-1.7.30.jar;D:\soft\maven_repository\jakarta\annotation\jakarta.annotation-api\1.3.5\jakarta.annotation-api-1.3.5.jar;D:\soft\maven_repository\org\mybatis\spring\boot\mybatis-spring-boot-autoconfigure\2.2.0\mybatis-spring-boot-autoconfigure-2.2.0.jar;D:\soft\maven_repository\org\mybatis\mybatis\3.5.7\mybatis-3.5.7.jar;D:\soft\maven_repository\org\mybatis\mybatis-spring\2.0.6\mybatis-spring-2.0.6.jar;D:\soft\maven_repository\com\baomidou\mybatis-plus-boot-starter\3.5.1\mybatis-plus-boot-starter-3.5.1.jar;D:\soft\maven_repository\com\baomidou\mybatis-plus\3.5.1\mybatis-plus-3.5.1.jar;D:\soft\maven_repository\com\baomidou\mybatis-plus-extension\3.5.1\mybatis-plus-extension-3.5.1.jar;D:\soft\maven_repository\com\baomidou\mybatis-plus-core\3.5.1\mybatis-plus-core-3.5.1.jar;D:\soft\maven_repository\com\baomidou\mybatis-plus-annotation\3.5.1\mybatis-plus-annotation-3.5.1.jar;D:\soft\maven_repository\com\github\jsqlparser\jsqlparser\4.3\jsqlparser-4.3.jar;D:\soft\maven_repository\org\springframework\boot\spring-boot-autoconfigure\2.3.12.RELEASE\spring-boot-autoconfigure-2.3.12.RELEASE.jar;D:\soft\maven_repository\com\baomidou\mybatis-plus-generator\3.5.1\mybatis-plus-generator-3.5.1.jar;D:\soft\maven_repository\mysql\mysql-connector-java\5.1.48\mysql-connector-java-5.1.48.jar;D:\soft\maven_repository\com\alibaba\druid-spring-boot-starter\1.1.21\druid-spring-boot-starter-1.1.21.jar;D:\soft\maven_repository\com\alibaba\druid\1.1.21\druid-1.1.21.jar;D:\soft\maven_repository\org\slf4j\slf4j-api\1.7.30\slf4j-api-1.7.30.jar;D:\soft\maven_repository\org\springframework\boot\spring-boot-starter-jdbc\2.3.12.RELEASE\spring-boot-starter-jdbc-2.3.12.RELEASE.jar;D:\soft\maven_repository\com\zaxxer\HikariCP\3.4.5\HikariCP-3.4.5.jar;D:\soft\maven_repository\org\springframework\spring-jdbc\5.2.15.RELEASE\spring-jdbc-5.2.15.RELEASE.jar;D:\soft\maven_repository\org\springframework\spring-beans\5.2.15.RELEASE\spring-beans-5.2.15.RELEASE.jar;D:\soft\maven_repository\org\springframework\spring-tx\5.2.15.RELEASE\spring-tx-5.2.15.RELEASE.jar;D:\soft\maven_repository\org\springframework\boot\spring-boot-starter-freemarker\2.3.12.RELEASE\spring-boot-starter-freemarker-2.3.12.RELEASE.jar;D:\soft\maven_repository\org\freemarker\freemarker\2.3.31\freemarker-2.3.31.jar;D:\soft\maven_repository\org\springframework\spring-context-support\5.2.15.RELEASE\spring-context-support-5.2.15.RELEASE.jar;D:\soft\maven_repository\org\springframework\spring-context\5.2.15.RELEASE\spring-context-5.2.15.RELEASE.jar;D:\soft\maven_repository\org\springframework\spring-expression\5.2.15.RELEASE\spring-expression-5.2.15.RELEASE.jar;D:\soft\maven_repository\org\springframework\boot\spring-boot-starter-test\2.3.12.RELEASE\spring-boot-starter-test-2.3.12.RELEASE.jar;D:\soft\maven_repository\org\springframework\boot\spring-boot-test\2.3.12.RELEASE\spring-boot-test-2.3.12.RELEASE.jar;D:\soft\maven_repository\org\springframework\boot\spring-boot-test-autoconfigure\2.3.12.RELEASE\spring-boot-test-autoconfigure-2.3.12.RELEASE.jar;D:\soft\maven_repository\com\jayway\jsonpath\json-path\2.4.0\json-path-2.4.0.jar;D:\soft\maven_repository\net\minidev\json-smart\2.3.1\json-smart-2.3.1.jar;D:\soft\maven_repository\net\minidev\accessors-smart\2.3.1\accessors-smart-2.3.1.jar;D:\soft\maven_repository\org\ow2\asm\asm\5.0.4\asm-5.0.4.jar;D:\soft\maven_repository\jakarta\xml\bind\jakarta.xml.bind-api\2.3.3\jakarta.xml.bind-api-2.3.3.jar;D:\soft\maven_repository\jakarta\activation\jakarta.activation-api\1.2.2\jakarta.activation-api-1.2.2.jar;D:\soft\maven_repository\org\assertj\assertj-core\3.16.1\assertj-core-3.16.1.jar;D:\soft\maven_repository\org\hamcrest\hamcrest\2.2\hamcrest-2.2.jar;D:\soft\maven_repository\org\junit\jupiter\junit-jupiter\5.6.3\junit-jupiter-5.6.3.jar;D:\soft\maven_repository\org\junit\jupiter\junit-jupiter-api\5.6.3\junit-jupiter-api-5.6.3.jar;D:\soft\maven_repository\org\opentest4j\opentest4j\1.2.0\opentest4j-1.2.0.jar;D:\soft\maven_repository\org\junit\platform\junit-platform-commons\1.6.3\junit-platform-commons-1.6.3.jar;D:\soft\maven_repository\org\junit\jupiter\junit-jupiter-params\5.6.3\junit-jupiter-params-5.6.3.jar;D:\soft\maven_repository\org\junit\jupiter\junit-jupiter-engine\5.6.3\junit-jupiter-engine-5.6.3.jar;D:\soft\maven_repository\org\junit\vintage\junit-vintage-engine\5.6.3\junit-vintage-engine-5.6.3.jar;D:\soft\maven_repository\org\apiguardian\apiguardian-api\1.1.0\apiguardian-api-1.1.0.jar;D:\soft\maven_repository\org\junit\platform\junit-platform-engine\1.6.3\junit-platform-engine-1.6.3.jar;D:\soft\maven_repository\junit\junit\4.13.2\junit-4.13.2.jar;D:\soft\maven_repository\org\mockito\mockito-core\3.3.3\mockito-core-3.3.3.jar;D:\soft\maven_repository\net\bytebuddy\byte-buddy-agent\1.10.22\byte-buddy-agent-1.10.22.jar;D:\soft\maven_repository\org\objenesis\objenesis\2.6\objenesis-2.6.jar;D:\soft\maven_repository\org\mockito\mockito-junit-jupiter\3.3.3\mockito-junit-jupiter-3.3.3.jar;D:\soft\maven_repository\org\skyscreamer\jsonassert\1.5.0\jsonassert-1.5.0.jar;D:\soft\maven_repository\com\vaadin\external\google\android-json\0.0.20131108.vaadin1\android-json-0.0.20131108.vaadin1.jar;D:\soft\maven_repository\org\springframework\spring-core\5.2.15.RELEASE\spring-core-5.2.15.RELEASE.jar;D:\soft\maven_repository\org\springframework\spring-jcl\5.2.15.RELEASE\spring-jcl-5.2.15.RELEASE.jar;D:\soft\maven_repository\org\springframework\spring-test\5.2.15.RELEASE\spring-test-5.2.15.RELEASE.jar;D:\soft\maven_repository\org\xmlunit\xmlunit-core\2.7.0\xmlunit-core-2.7.0.jar;D:\soft\maven_repository\org\springframework\cloud\spring-cloud-starter-openfeign\2.2.9.RELEASE\spring-cloud-starter-openfeign-2.2.9.RELEASE.jar;D:\soft\maven_repository\org\springframework\cloud\spring-cloud-starter\2.2.9.RELEASE\spring-cloud-starter-2.2.9.RELEASE.jar;D:\soft\maven_repository\org\springframework\cloud\spring-cloud-context\2.2.9.RELEASE\spring-cloud-context-2.2.9.RELEASE.jar;D:\soft\maven_repository\org\springframework\security\spring-security-rsa\1.0.9.RELEASE\spring-security-rsa-1.0.9.RELEASE.jar;D:\soft\maven_repository\org\bouncycastle\bcpkix-jdk15on\1.64\bcpkix-jdk15on-1.64.jar;D:\soft\maven_repository\org\bouncycastle\bcprov-jdk15on\1.64\bcprov-jdk15on-1.64.jar;D:\soft\maven_repository\org\springframework\cloud\spring-cloud-openfeign-core\2.2.9.RELEASE\spring-cloud-openfeign-core-2.2.9.RELEASE.jar;D:\soft\maven_repository\org\springframework\cloud\spring-cloud-netflix-ribbon\2.2.9.RELEASE\spring-cloud-netflix-ribbon-2.2.9.RELEASE.jar;D:\soft\maven_repository\org\springframework\cloud\spring-cloud-netflix-archaius\2.2.9.RELEASE\spring-cloud-netflix-archaius-2.2.9.RELEASE.jar;D:\soft\maven_repository\org\springframework\boot\spring-boot-starter-aop\2.3.12.RELEASE\spring-boot-starter-aop-2.3.12.RELEASE.jar;D:\soft\maven_repository\org\aspectj\aspectjweaver\1.9.6\aspectjweaver-1.9.6.jar;D:\soft\maven_repository\io\github\openfeign\form\feign-form-spring\3.8.0\feign-form-spring-3.8.0.jar;D:\soft\maven_repository\io\github\openfeign\form\feign-form\3.8.0\feign-form-3.8.0.jar;D:\soft\maven_repository\commons-fileupload\commons-fileupload\1.4\commons-fileupload-1.4.jar;D:\soft\maven_repository\commons-io\commons-io\2.2\commons-io-2.2.jar;D:\soft\maven_repository\org\springframework\spring-web\5.2.15.RELEASE\spring-web-5.2.15.RELEASE.jar;D:\soft\maven_repository\org\springframework\cloud\spring-cloud-commons\2.2.9.RELEASE\spring-cloud-commons-2.2.9.RELEASE.jar;D:\soft\maven_repository\org\springframework\security\spring-security-crypto\5.3.9.RELEASE\spring-security-crypto-5.3.9.RELEASE.jar;D:\soft\maven_repository\io\github\openfeign\feign-core\10.12\feign-core-10.12.jar;D:\soft\maven_repository\io\github\openfeign\feign-slf4j\10.12\feign-slf4j-10.12.jar;D:\soft\maven_repository\io\github\openfeign\feign-hystrix\10.12\feign-hystrix-10.12.jar;D:\soft\maven_repository\com\netflix\archaius\archaius-core\0.7.7\archaius-core-0.7.7.jar;D:\soft\maven_repository\com\google\code\findbugs\jsr305\3.0.1\jsr305-3.0.1.jar;D:\soft\maven_repository\commons-configuration\commons-configuration\1.8\commons-configuration-1.8.jar;D:\soft\maven_repository\commons-lang\commons-lang\2.6\commons-lang-2.6.jar;D:\soft\maven_repository\com\google\guava\guava\30.0-jre\guava-30.0-jre.jar;D:\soft\maven_repository\com\google\guava\failureaccess\1.0.1\failureaccess-1.0.1.jar;D:\soft\maven_repository\com\google\guava\listenablefuture\9999.0-empty-to-avoid-conflict-with-guava\listenablefuture-9999.0-empty-to-avoid-conflict-with-guava.jar;D:\soft\maven_repository\org\checkerframework\checker-qual\3.5.0\checker-qual-3.5.0.jar;D:\soft\maven_repository\com\google\errorprone\error_prone_annotations\2.3.4\error_prone_annotations-2.3.4.jar;D:\soft\maven_repository\com\google\j2objc\j2objc-annotations\1.3\j2objc-annotations-1.3.jar;D:\soft\maven_repository\com\netflix\hystrix\hystrix-core\1.5.18\hystrix-core-1.5.18.jar;D:\soft\maven_repository\io\reactivex\rxjava\1.3.8\rxjava-1.3.8.jar;D:\soft\maven_repository\org\hdrhistogram\HdrHistogram\2.1.9\HdrHistogram-2.1.9.jar;D:\soft\maven_repository\org\springframework\boot\spring-boot-starter-data-redis\2.3.12.RELEASE\spring-boot-starter-data-redis-2.3.12.RELEASE.jar;D:\soft\maven_repository\org\springframework\data\spring-data-redis\2.3.9.RELEASE\spring-data-redis-2.3.9.RELEASE.jar;D:\soft\maven_repository\org\springframework\data\spring-data-keyvalue\2.3.9.RELEASE\spring-data-keyvalue-2.3.9.RELEASE.jar;D:\soft\maven_repository\org\springframework\data\spring-data-commons\2.3.9.RELEASE\spring-data-commons-2.3.9.RELEASE.jar;D:\soft\maven_repository\org\springframework\spring-oxm\5.2.15.RELEASE\spring-oxm-5.2.15.RELEASE.jar;D:\soft\maven_repository\org\springframework\spring-aop\5.2.15.RELEASE\spring-aop-5.2.15.RELEASE.jar;D:\soft\maven_repository\io\lettuce\lettuce-core\5.3.7.RELEASE\lettuce-core-5.3.7.RELEASE.jar;D:\soft\maven_repository\com\fasterxml\jackson\core\jackson-databind\2.11.4\jackson-databind-2.11.4.jar;D:\soft\maven_repository\com\fasterxml\jackson\core\jackson-annotations\2.11.4\jackson-annotations-2.11.4.jar;D:\soft\maven_repository\com\fasterxml\jackson\core\jackson-core\2.11.4\jackson-core-2.11.4.jar;D:\soft\maven_repository\org\apache\commons\commons-pool2\2.8.1\commons-pool2-2.8.1.jar;D:\soft\maven_repository\org\redisson\redisson\3.13.6\redisson-3.13.6.jar;D:\soft\maven_repository\io\netty\netty-common\4.1.65.Final\netty-common-4.1.65.Final.jar;D:\soft\maven_repository\io\netty\netty-codec\4.1.65.Final\netty-codec-4.1.65.Final.jar;D:\soft\maven_repository\io\netty\netty-buffer\4.1.65.Final\netty-buffer-4.1.65.Final.jar;D:\soft\maven_repository\io\netty\netty-transport\4.1.65.Final\netty-transport-4.1.65.Final.jar;D:\soft\maven_repository\io\netty\netty-resolver\4.1.65.Final\netty-resolver-4.1.65.Final.jar;D:\soft\maven_repository\io\netty\netty-resolver-dns\4.1.65.Final\netty-resolver-dns-4.1.65.Final.jar;D:\soft\maven_repository\io\netty\netty-codec-dns\4.1.65.Final\netty-codec-dns-4.1.65.Final.jar;D:\soft\maven_repository\io\netty\netty-handler\4.1.65.Final\netty-handler-4.1.65.Final.jar;D:\soft\maven_repository\javax\cache\cache-api\1.1.1\cache-api-1.1.1.jar;D:\soft\maven_repository\io\projectreactor\reactor-core\3.3.17.RELEASE\reactor-core-3.3.17.RELEASE.jar;D:\soft\maven_repository\org\reactivestreams\reactive-streams\1.0.3\reactive-streams-1.0.3.jar;D:\soft\maven_repository\io\reactivex\rxjava2\rxjava\2.2.21\rxjava-2.2.21.jar;D:\soft\maven_repository\org\jboss\marshalling\jboss-marshalling-river\2.0.10.Final\jboss-marshalling-river-2.0.10.Final.jar;D:\soft\maven_repository\org\jboss\marshalling\jboss-marshalling\2.0.10.Final\jboss-marshalling-2.0.10.Final.jar;D:\soft\maven_repository\org\yaml\snakeyaml\1.26\snakeyaml-1.26.jar;D:\soft\maven_repository\com\fasterxml\jackson\dataformat\jackson-dataformat-yaml\2.11.4\jackson-dataformat-yaml-2.11.4.jar;D:\soft\maven_repository\net\bytebuddy\byte-buddy\1.10.22\byte-buddy-1.10.22.jar;D:\soft\maven_repository\org\jodd\jodd-bean\5.1.6\jodd-bean-5.1.6.jar;D:\soft\maven_repository\org\jodd\jodd-core\5.1.6\jodd-core-5.1.6.jar;D:\soft\maven_repository\org\projectlombok\lombok\1.18.20\lombok-1.18.20.jar;D:\soft\maven_repository\cn\hutool\hutool-all\5.5.2\hutool-all-5.5.2.jar;D:\soft\maven_repository\io\jsonwebtoken\jjwt\0.9.0\jjwt-0.9.0.jar;"/>
    <property name="java.vm.vendor" value="Oracle Corporation"/>
    <property name="sun.arch.data.model" value="64"/>
    <property name="user.variant" value=""/>
    <property name="java.vendor.url" value="http://java.oracle.com/"/>
    <property name="user.timezone" value="Asia/Shanghai"/>
    <property name="java.vm.specification.version" value="1.8"/>
    <property name="os.name" value="Windows 8.1"/>
    <property name="user.country" value="CN"/>
    <property name="sun.java.launcher" value="SUN_STANDARD"/>
    <property name="sun.boot.library.path" value="C:\Program Files\Java\jdk1.8.0_45\jre\bin"/>
    <property name="sun.java.command" value="C:\Users\Aurore\AppData\Local\Temp\surefire5561257941987280902\surefirebooter5805112946026917761.jar C:\Users\Aurore\AppData\Local\Temp\surefire5561257941987280902 2022-09-24T14-24-08_634-jvmRun1 surefire7849404483714978389tmp surefire_08381918780687876226tmp"/>
    <property name="surefire.test.class.path" value="D:\Study\LearningSoftWare\Spring\MyWork\logistics-project\public-resource\target\test-classes;D:\Study\LearningSoftWare\Spring\MyWork\logistics-project\public-resource\target\classes;D:\soft\maven_repository\org\mybatis\spring\boot\mybatis-spring-boot-starter\2.2.0\mybatis-spring-boot-starter-2.2.0.jar;D:\soft\maven_repository\org\springframework\boot\spring-boot-starter\2.3.12.RELEASE\spring-boot-starter-2.3.12.RELEASE.jar;D:\soft\maven_repository\org\springframework\boot\spring-boot\2.3.12.RELEASE\spring-boot-2.3.12.RELEASE.jar;D:\soft\maven_repository\org\springframework\boot\spring-boot-starter-logging\2.3.12.RELEASE\spring-boot-starter-logging-2.3.12.RELEASE.jar;D:\soft\maven_repository\ch\qos\logback\logback-classic\1.2.3\logback-classic-1.2.3.jar;D:\soft\maven_repository\ch\qos\logback\logback-core\1.2.3\logback-core-1.2.3.jar;D:\soft\maven_repository\org\apache\logging\log4j\log4j-to-slf4j\2.13.3\log4j-to-slf4j-2.13.3.jar;D:\soft\maven_repository\org\apache\logging\log4j\log4j-api\2.13.3\log4j-api-2.13.3.jar;D:\soft\maven_repository\org\slf4j\jul-to-slf4j\1.7.30\jul-to-slf4j-1.7.30.jar;D:\soft\maven_repository\jakarta\annotation\jakarta.annotation-api\1.3.5\jakarta.annotation-api-1.3.5.jar;D:\soft\maven_repository\org\mybatis\spring\boot\mybatis-spring-boot-autoconfigure\2.2.0\mybatis-spring-boot-autoconfigure-2.2.0.jar;D:\soft\maven_repository\org\mybatis\mybatis\3.5.7\mybatis-3.5.7.jar;D:\soft\maven_repository\org\mybatis\mybatis-spring\2.0.6\mybatis-spring-2.0.6.jar;D:\soft\maven_repository\com\baomidou\mybatis-plus-boot-starter\3.5.1\mybatis-plus-boot-starter-3.5.1.jar;D:\soft\maven_repository\com\baomidou\mybatis-plus\3.5.1\mybatis-plus-3.5.1.jar;D:\soft\maven_repository\com\baomidou\mybatis-plus-extension\3.5.1\mybatis-plus-extension-3.5.1.jar;D:\soft\maven_repository\com\baomidou\mybatis-plus-core\3.5.1\mybatis-plus-core-3.5.1.jar;D:\soft\maven_repository\com\baomidou\mybatis-plus-annotation\3.5.1\mybatis-plus-annotation-3.5.1.jar;D:\soft\maven_repository\com\github\jsqlparser\jsqlparser\4.3\jsqlparser-4.3.jar;D:\soft\maven_repository\org\springframework\boot\spring-boot-autoconfigure\2.3.12.RELEASE\spring-boot-autoconfigure-2.3.12.RELEASE.jar;D:\soft\maven_repository\com\baomidou\mybatis-plus-generator\3.5.1\mybatis-plus-generator-3.5.1.jar;D:\soft\maven_repository\mysql\mysql-connector-java\5.1.48\mysql-connector-java-5.1.48.jar;D:\soft\maven_repository\com\alibaba\druid-spring-boot-starter\1.1.21\druid-spring-boot-starter-1.1.21.jar;D:\soft\maven_repository\com\alibaba\druid\1.1.21\druid-1.1.21.jar;D:\soft\maven_repository\org\slf4j\slf4j-api\1.7.30\slf4j-api-1.7.30.jar;D:\soft\maven_repository\org\springframework\boot\spring-boot-starter-jdbc\2.3.12.RELEASE\spring-boot-starter-jdbc-2.3.12.RELEASE.jar;D:\soft\maven_repository\com\zaxxer\HikariCP\3.4.5\HikariCP-3.4.5.jar;D:\soft\maven_repository\org\springframework\spring-jdbc\5.2.15.RELEASE\spring-jdbc-5.2.15.RELEASE.jar;D:\soft\maven_repository\org\springframework\spring-beans\5.2.15.RELEASE\spring-beans-5.2.15.RELEASE.jar;D:\soft\maven_repository\org\springframework\spring-tx\5.2.15.RELEASE\spring-tx-5.2.15.RELEASE.jar;D:\soft\maven_repository\org\springframework\boot\spring-boot-starter-freemarker\2.3.12.RELEASE\spring-boot-starter-freemarker-2.3.12.RELEASE.jar;D:\soft\maven_repository\org\freemarker\freemarker\2.3.31\freemarker-2.3.31.jar;D:\soft\maven_repository\org\springframework\spring-context-support\5.2.15.RELEASE\spring-context-support-5.2.15.RELEASE.jar;D:\soft\maven_repository\org\springframework\spring-context\5.2.15.RELEASE\spring-context-5.2.15.RELEASE.jar;D:\soft\maven_repository\org\springframework\spring-expression\5.2.15.RELEASE\spring-expression-5.2.15.RELEASE.jar;D:\soft\maven_repository\org\springframework\boot\spring-boot-starter-test\2.3.12.RELEASE\spring-boot-starter-test-2.3.12.RELEASE.jar;D:\soft\maven_repository\org\springframework\boot\spring-boot-test\2.3.12.RELEASE\spring-boot-test-2.3.12.RELEASE.jar;D:\soft\maven_repository\org\springframework\boot\spring-boot-test-autoconfigure\2.3.12.RELEASE\spring-boot-test-autoconfigure-2.3.12.RELEASE.jar;D:\soft\maven_repository\com\jayway\jsonpath\json-path\2.4.0\json-path-2.4.0.jar;D:\soft\maven_repository\net\minidev\json-smart\2.3.1\json-smart-2.3.1.jar;D:\soft\maven_repository\net\minidev\accessors-smart\2.3.1\accessors-smart-2.3.1.jar;D:\soft\maven_repository\org\ow2\asm\asm\5.0.4\asm-5.0.4.jar;D:\soft\maven_repository\jakarta\xml\bind\jakarta.xml.bind-api\2.3.3\jakarta.xml.bind-api-2.3.3.jar;D:\soft\maven_repository\jakarta\activation\jakarta.activation-api\1.2.2\jakarta.activation-api-1.2.2.jar;D:\soft\maven_repository\org\assertj\assertj-core\3.16.1\assertj-core-3.16.1.jar;D:\soft\maven_repository\org\hamcrest\hamcrest\2.2\hamcrest-2.2.jar;D:\soft\maven_repository\org\junit\jupiter\junit-jupiter\5.6.3\junit-jupiter-5.6.3.jar;D:\soft\maven_repository\org\junit\jupiter\junit-jupiter-api\5.6.3\junit-jupiter-api-5.6.3.jar;D:\soft\maven_repository\org\opentest4j\opentest4j\1.2.0\opentest4j-1.2.0.jar;D:\soft\maven_repository\org\junit\platform\junit-platform-commons\1.6.3\junit-platform-commons-1.6.3.jar;D:\soft\maven_repository\org\junit\jupiter\junit-jupiter-params\5.6.3\junit-jupiter-params-5.6.3.jar;D:\soft\maven_repository\org\junit\jupiter\junit-jupiter-engine\5.6.3\junit-jupiter-engine-5.6.3.jar;D:\soft\maven_repository\org\junit\vintage\junit-vintage-engine\5.6.3\junit-vintage-engine-5.6.3.jar;D:\soft\maven_repository\org\apiguardian\apiguardian-api\1.1.0\apiguardian-api-1.1.0.jar;D:\soft\maven_repository\org\junit\platform\junit-platform-engine\1.6.3\junit-platform-engine-1.6.3.jar;D:\soft\maven_repository\junit\junit\4.13.2\junit-4.13.2.jar;D:\soft\maven_repository\org\mockito\mockito-core\3.3.3\mockito-core-3.3.3.jar;D:\soft\maven_repository\net\bytebuddy\byte-buddy-agent\1.10.22\byte-buddy-agent-1.10.22.jar;D:\soft\maven_repository\org\objenesis\objenesis\2.6\objenesis-2.6.jar;D:\soft\maven_repository\org\mockito\mockito-junit-jupiter\3.3.3\mockito-junit-jupiter-3.3.3.jar;D:\soft\maven_repository\org\skyscreamer\jsonassert\1.5.0\jsonassert-1.5.0.jar;D:\soft\maven_repository\com\vaadin\external\google\android-json\0.0.20131108.vaadin1\android-json-0.0.20131108.vaadin1.jar;D:\soft\maven_repository\org\springframework\spring-core\5.2.15.RELEASE\spring-core-5.2.15.RELEASE.jar;D:\soft\maven_repository\org\springframework\spring-jcl\5.2.15.RELEASE\spring-jcl-5.2.15.RELEASE.jar;D:\soft\maven_repository\org\springframework\spring-test\5.2.15.RELEASE\spring-test-5.2.15.RELEASE.jar;D:\soft\maven_repository\org\xmlunit\xmlunit-core\2.7.0\xmlunit-core-2.7.0.jar;D:\soft\maven_repository\org\springframework\cloud\spring-cloud-starter-openfeign\2.2.9.RELEASE\spring-cloud-starter-openfeign-2.2.9.RELEASE.jar;D:\soft\maven_repository\org\springframework\cloud\spring-cloud-starter\2.2.9.RELEASE\spring-cloud-starter-2.2.9.RELEASE.jar;D:\soft\maven_repository\org\springframework\cloud\spring-cloud-context\2.2.9.RELEASE\spring-cloud-context-2.2.9.RELEASE.jar;D:\soft\maven_repository\org\springframework\security\spring-security-rsa\1.0.9.RELEASE\spring-security-rsa-1.0.9.RELEASE.jar;D:\soft\maven_repository\org\bouncycastle\bcpkix-jdk15on\1.64\bcpkix-jdk15on-1.64.jar;D:\soft\maven_repository\org\bouncycastle\bcprov-jdk15on\1.64\bcprov-jdk15on-1.64.jar;D:\soft\maven_repository\org\springframework\cloud\spring-cloud-openfeign-core\2.2.9.RELEASE\spring-cloud-openfeign-core-2.2.9.RELEASE.jar;D:\soft\maven_repository\org\springframework\cloud\spring-cloud-netflix-ribbon\2.2.9.RELEASE\spring-cloud-netflix-ribbon-2.2.9.RELEASE.jar;D:\soft\maven_repository\org\springframework\cloud\spring-cloud-netflix-archaius\2.2.9.RELEASE\spring-cloud-netflix-archaius-2.2.9.RELEASE.jar;D:\soft\maven_repository\org\springframework\boot\spring-boot-starter-aop\2.3.12.RELEASE\spring-boot-starter-aop-2.3.12.RELEASE.jar;D:\soft\maven_repository\org\aspectj\aspectjweaver\1.9.6\aspectjweaver-1.9.6.jar;D:\soft\maven_repository\io\github\openfeign\form\feign-form-spring\3.8.0\feign-form-spring-3.8.0.jar;D:\soft\maven_repository\io\github\openfeign\form\feign-form\3.8.0\feign-form-3.8.0.jar;D:\soft\maven_repository\commons-fileupload\commons-fileupload\1.4\commons-fileupload-1.4.jar;D:\soft\maven_repository\commons-io\commons-io\2.2\commons-io-2.2.jar;D:\soft\maven_repository\org\springframework\spring-web\5.2.15.RELEASE\spring-web-5.2.15.RELEASE.jar;D:\soft\maven_repository\org\springframework\cloud\spring-cloud-commons\2.2.9.RELEASE\spring-cloud-commons-2.2.9.RELEASE.jar;D:\soft\maven_repository\org\springframework\security\spring-security-crypto\5.3.9.RELEASE\spring-security-crypto-5.3.9.RELEASE.jar;D:\soft\maven_repository\io\github\openfeign\feign-core\10.12\feign-core-10.12.jar;D:\soft\maven_repository\io\github\openfeign\feign-slf4j\10.12\feign-slf4j-10.12.jar;D:\soft\maven_repository\io\github\openfeign\feign-hystrix\10.12\feign-hystrix-10.12.jar;D:\soft\maven_repository\com\netflix\archaius\archaius-core\0.7.7\archaius-core-0.7.7.jar;D:\soft\maven_repository\com\google\code\findbugs\jsr305\3.0.1\jsr305-3.0.1.jar;D:\soft\maven_repository\commons-configuration\commons-configuration\1.8\commons-configuration-1.8.jar;D:\soft\maven_repository\commons-lang\commons-lang\2.6\commons-lang-2.6.jar;D:\soft\maven_repository\com\google\guava\guava\30.0-jre\guava-30.0-jre.jar;D:\soft\maven_repository\com\google\guava\failureaccess\1.0.1\failureaccess-1.0.1.jar;D:\soft\maven_repository\com\google\guava\listenablefuture\9999.0-empty-to-avoid-conflict-with-guava\listenablefuture-9999.0-empty-to-avoid-conflict-with-guava.jar;D:\soft\maven_repository\org\checkerframework\checker-qual\3.5.0\checker-qual-3.5.0.jar;D:\soft\maven_repository\com\google\errorprone\error_prone_annotations\2.3.4\error_prone_annotations-2.3.4.jar;D:\soft\maven_repository\com\google\j2objc\j2objc-annotations\1.3\j2objc-annotations-1.3.jar;D:\soft\maven_repository\com\netflix\hystrix\hystrix-core\1.5.18\hystrix-core-1.5.18.jar;D:\soft\maven_repository\io\reactivex\rxjava\1.3.8\rxjava-1.3.8.jar;D:\soft\maven_repository\org\hdrhistogram\HdrHistogram\2.1.9\HdrHistogram-2.1.9.jar;D:\soft\maven_repository\org\springframework\boot\spring-boot-starter-data-redis\2.3.12.RELEASE\spring-boot-starter-data-redis-2.3.12.RELEASE.jar;D:\soft\maven_repository\org\springframework\data\spring-data-redis\2.3.9.RELEASE\spring-data-redis-2.3.9.RELEASE.jar;D:\soft\maven_repository\org\springframework\data\spring-data-keyvalue\2.3.9.RELEASE\spring-data-keyvalue-2.3.9.RELEASE.jar;D:\soft\maven_repository\org\springframework\data\spring-data-commons\2.3.9.RELEASE\spring-data-commons-2.3.9.RELEASE.jar;D:\soft\maven_repository\org\springframework\spring-oxm\5.2.15.RELEASE\spring-oxm-5.2.15.RELEASE.jar;D:\soft\maven_repository\org\springframework\spring-aop\5.2.15.RELEASE\spring-aop-5.2.15.RELEASE.jar;D:\soft\maven_repository\io\lettuce\lettuce-core\5.3.7.RELEASE\lettuce-core-5.3.7.RELEASE.jar;D:\soft\maven_repository\com\fasterxml\jackson\core\jackson-databind\2.11.4\jackson-databind-2.11.4.jar;D:\soft\maven_repository\com\fasterxml\jackson\core\jackson-annotations\2.11.4\jackson-annotations-2.11.4.jar;D:\soft\maven_repository\com\fasterxml\jackson\core\jackson-core\2.11.4\jackson-core-2.11.4.jar;D:\soft\maven_repository\org\apache\commons\commons-pool2\2.8.1\commons-pool2-2.8.1.jar;D:\soft\maven_repository\org\redisson\redisson\3.13.6\redisson-3.13.6.jar;D:\soft\maven_repository\io\netty\netty-common\4.1.65.Final\netty-common-4.1.65.Final.jar;D:\soft\maven_repository\io\netty\netty-codec\4.1.65.Final\netty-codec-4.1.65.Final.jar;D:\soft\maven_repository\io\netty\netty-buffer\4.1.65.Final\netty-buffer-4.1.65.Final.jar;D:\soft\maven_repository\io\netty\netty-transport\4.1.65.Final\netty-transport-4.1.65.Final.jar;D:\soft\maven_repository\io\netty\netty-resolver\4.1.65.Final\netty-resolver-4.1.65.Final.jar;D:\soft\maven_repository\io\netty\netty-resolver-dns\4.1.65.Final\netty-resolver-dns-4.1.65.Final.jar;D:\soft\maven_repository\io\netty\netty-codec-dns\4.1.65.Final\netty-codec-dns-4.1.65.Final.jar;D:\soft\maven_repository\io\netty\netty-handler\4.1.65.Final\netty-handler-4.1.65.Final.jar;D:\soft\maven_repository\javax\cache\cache-api\1.1.1\cache-api-1.1.1.jar;D:\soft\maven_repository\io\projectreactor\reactor-core\3.3.17.RELEASE\reactor-core-3.3.17.RELEASE.jar;D:\soft\maven_repository\org\reactivestreams\reactive-streams\1.0.3\reactive-streams-1.0.3.jar;D:\soft\maven_repository\io\reactivex\rxjava2\rxjava\2.2.21\rxjava-2.2.21.jar;D:\soft\maven_repository\org\jboss\marshalling\jboss-marshalling-river\2.0.10.Final\jboss-marshalling-river-2.0.10.Final.jar;D:\soft\maven_repository\org\jboss\marshalling\jboss-marshalling\2.0.10.Final\jboss-marshalling-2.0.10.Final.jar;D:\soft\maven_repository\org\yaml\snakeyaml\1.26\snakeyaml-1.26.jar;D:\soft\maven_repository\com\fasterxml\jackson\dataformat\jackson-dataformat-yaml\2.11.4\jackson-dataformat-yaml-2.11.4.jar;D:\soft\maven_repository\net\bytebuddy\byte-buddy\1.10.22\byte-buddy-1.10.22.jar;D:\soft\maven_repository\org\jodd\jodd-bean\5.1.6\jodd-bean-5.1.6.jar;D:\soft\maven_repository\org\jodd\jodd-core\5.1.6\jodd-core-5.1.6.jar;D:\soft\maven_repository\org\projectlombok\lombok\1.18.20\lombok-1.18.20.jar;D:\soft\maven_repository\cn\hutool\hutool-all\5.5.2\hutool-all-5.5.2.jar;D:\soft\maven_repository\io\jsonwebtoken\jjwt\0.9.0\jjwt-0.9.0.jar;"/>
    <property name="sun.cpu.endian" value="little"/>
    <property name="user.home" value="C:\Users\Aurore"/>
    <property name="user.language" value="zh"/>
    <property name="java.specification.vendor" value="Oracle Corporation"/>
    <property name="java.home" value="C:\Program Files\Java\jdk1.8.0_45\jre"/>
    <property name="basedir" value="D:\Study\LearningSoftWare\Spring\MyWork\logistics-project\public-resource"/>
    <property name="file.separator" value="\"/>
    <property name="line.separator" value="&#10;"/>
    <property name="java.vm.specification.vendor" value="Oracle Corporation"/>
    <property name="java.specification.name" value="Java Platform API Specification"/>
    <property name="java.awt.graphicsenv" value="sun.awt.Win32GraphicsEnvironment"/>
    <property name="surefire.real.class.path" value="C:\Users\Aurore\AppData\Local\Temp\surefire5561257941987280902\surefirebooter5805112946026917761.jar"/>
    <property name="sun.boot.class.path" value="C:\Program Files\Java\jdk1.8.0_45\jre\lib\resources.jar;C:\Program Files\Java\jdk1.8.0_45\jre\lib\rt.jar;C:\Program Files\Java\jdk1.8.0_45\jre\lib\sunrsasign.jar;C:\Program Files\Java\jdk1.8.0_45\jre\lib\jsse.jar;C:\Program Files\Java\jdk1.8.0_45\jre\lib\jce.jar;C:\Program Files\Java\jdk1.8.0_45\jre\lib\charsets.jar;C:\Program Files\Java\jdk1.8.0_45\jre\lib\jfr.jar;C:\Program Files\Java\jdk1.8.0_45\jre\classes"/>
    <property name="user.script" value=""/>
    <property name="sun.management.compiler" value="HotSpot 64-Bit Tiered Compilers"/>
    <property name="java.runtime.version" value="1.8.0_45-b15"/>
    <property name="user.name" value="Aurore"/>
    <property name="path.separator" value=";"/>
    <property name="os.version" value="6.3"/>
    <property name="java.endorsed.dirs" value="C:\Program Files\Java\jdk1.8.0_45\jre\lib\endorsed"/>
    <property name="java.runtime.name" value="Java(TM) SE Runtime Environment"/>
    <property name="file.encoding" value="GBK"/>
    <property name="java.vm.name" value="Java HotSpot(TM) 64-Bit Server VM"/>
    <property name="idea.version2020.1" value="true"/>
    <property name="localRepository" value="D:\soft\maven_repository"/>
    <property name="java.vendor.url.bug" value="http://bugreport.sun.com/bugreport/"/>
    <property name="java.io.tmpdir" value="C:\Users\Aurore\AppData\Local\Temp\"/>
    <property name="java.version" value="1.8.0_45"/>
    <property name="user.dir" value="D:\Study\LearningSoftWare\Spring\MyWork\logistics-project\public-resource"/>
    <property name="os.arch" value="amd64"/>
    <property name="java.vm.specification.name" value="Java Virtual Machine Specification"/>
    <property name="java.awt.printerjob" value="sun.awt.windows.WPrinterJob"/>
    <property name="sun.os.patch.level" value=""/>
    <property name="java.library.path" value="C:\Program Files\Java\jdk1.8.0_45\jre\bin;C:\WINDOWS\Sun\Java\bin;C:\WINDOWS\system32;C:\WINDOWS;C:\Program Files (x86)\Common Files\Intel\Shared Libraries\redist\intel64\compiler;C:\ProgramData\Oracle\Java\javapath;C:\Program Files (x86)\Common Files\Oracle\Java\javapath;C:\Program Files (x86)\Common Files\NetSarang;D:\app\Aurore\product\11.2.0\dbhome_1\bin;C:\Windows\system32;C:\Windows;C:\Windows\System32\Wbem;C:\Windows\System32\WindowsPowerShell\v1.0\;C:\Windows\System32\OpenSSH\;C:\Program Files (x86)\Intel\Intel(R) Management Engine Components\DAL;C:\Program Files\Intel\Intel(R) Management Engine Components\DAL;C:\Program Files (x86)\NVIDIA Corporation\PhysX\Common;C:\Program Files\NVIDIA Corporation\NVIDIA NvDLISR;C:\Program Files\Java\jdk1.8.0_45\bin;D:\soft\apache-maven-3.6.3\bin\;C:\WINDOWS\system32;C:\WINDOWS;C:\WINDOWS\System32\Wbem;C:\WINDOWS\System32\WindowsPowerShell\v1.0\;C:\WINDOWS\System32\OpenSSH\;D:\git\Git\cmd;D:\nodejs\;D:\nodejs\node_global;D:\Study\LearningSoftWare\Linux\Xshell\;D:\Study\LearningSoftWare\Linux\Xftp\;C:\Users\Aurore\AppData\Local\Microsoft\WindowsApps;D:\Study\LearningSoftWare\Spring\IntelliJ IDEA 2018.3\bin;;D:\nodejs\node_global;D:\VSCode\Microsoft VS Code\bin;D:\Study\mysql\mysql-8.0.29-winx64\bin;&quot;C:\WINDOWS\system32;C:\WINDOWS;C:\WINDOWS\System32\Wbem;&quot;;;."/>
    <property name="java.vm.info" value="mixed mode"/>
    <property name="java.vendor" value="Oracle Corporation"/>
    <property name="java.vm.version" value="25.45-b02"/>
    <property name="java.ext.dirs" value="C:\Program Files\Java\jdk1.8.0_45\jre\lib\ext;C:\WINDOWS\Sun\Java\lib\ext"/>
    <property name="sun.io.unicode.encoding" value="UnicodeLittle"/>
    <property name="java.class.version" value="52.0"/>
  </properties>
  <testcase name="testSuggestion" classname="cn.hwq.Test01" time="0.717">
    <error message="A JSONObject text must begin with &apos;{&apos; at 1 [character 2 line 1]" type="cn.hutool.json.JSONException">cn.hutool.json.JSONException: A JSONObject text must begin with '{' at 1 [character 2 line 1]
	at cn.hwq.Test01.testSuggestion(Test01.java:38)
</error>
  </testcase>
</testsuite>